<?xml version="1.0" encoding="UTF-8" ?>
<testsuite tests="10" failures="0" name="TarefasControllerTest" time="0.089" errors="0" skipped="0">
  <properties>
[...]
</properties>
  <testcase classname="TarefasControllerTest" name="testGetTarefas" time="0.073"/>
  <testcase classname="TarefasControllerTest" name="testConcluirTarefa" time="0"/>
  <testcase classname="TarefasControllerTest" name="testPostTarefaFalha" time="0.002"/>
  <testcase classname="TarefasControllerTest" name="testGetTarefaById" time="0.001"/>
  <testcase classname="TarefasControllerTest" name="testGetTarefaByIdInvalido" time="0.009"/>
  <testcase classname="TarefasControllerTest" name="testPostTarefa" time="0"/>
  <testcase classname="TarefasControllerTest" name="testAtualizarTarefaInvalida" time="0.001"/>
  <testcase classname="TarefasControllerTest" name="testRemoverTarefaInvalida" time="0.001"/>
  <testcase classname="TarefasControllerTest" name="testAtualizarTarefa" time="0.001"/>
  <testcase classname="TarefasControllerTest" name="testRemoverTarefa" time="0.001"/>
</testsuite>